2020-08-23 10:02:09 - {"msg":"已经签过到了","code":-1}
2020-08-23 10:08:32 - {"msg":"已经签过到了","code":-1}
2020-08-23 10:15:37 - {"msg":"已经签过到了","code":-1}
2020-08-23 17:14:45 - {"code":1,"msg":"成功","data":{"exp":30.0,"credit":30.0}}
2020-08-23 17:28:11 - {"msg":"已经签过到了","code":-1}
2020-08-24 17:15:22 - {"code":1,"msg":"成功","data":{"exp":40.0,"credit":40.0}}
2020-08-25 17:16:38 - {"code":1,"msg":"成功","data":{"exp":50.0,"credit":50.0}}
2020-08-26 19:28:58 - {"code":1,"msg":"成功","data":{"exp":60.0,"credit":60.0}}
2020-08-27 01:24:49 - {"msg":"已经签过到了","code":-1}
2020-08-27 02:10:51 - {"msg":"已经签过到了","code":-1}
2020-08-27 08:28:02 - {"code":1,"msg":"成功","data":{"exp":70.0,"credit":70.0}}
2020-08-27 17:10:01 - {"code":1,"msg":"成功","data":{"exp":80.0,"credit":80.0}}
2020-08-28 02:10:55 - {"code":1,"msg":"成功","data":{"exp":90.0,"credit":90.0}}
2020-08-28 08:31:15 - {"msg":"已经签过到了","code":-1}
2020-08-28 17:10:43 - {"code":1,"msg":"成功","data":{"exp":100.0,"credit":100.0}}
2020-08-29 02:11:27 - {"code":1,"msg":"成功","data":{"exp":110.0,"credit":110.0}}
2020-08-29 08:14:17 - {"msg":"已经签过到了","code":-1}
2020-08-29 17:13:01 - {"code":1,"msg":"成功","data":{"exp":121.0,"credit":119.0}}
2020-08-30 02:06:28 - {"code":1,"msg":"成功","data":{"exp":131.0,"credit":129.0}}
2020-08-30 08:16:43 - {"msg":"已经签过到了","code":-1}
2020-08-30 17:12:08 - {"code":1,"msg":"成功","data":{"exp":141.0,"credit":139.0}}
2020-08-31 02:12:13 - {"code":1,"msg":"成功","data":{"exp":151.0,"credit":149.0}}
2020-08-31 08:17:14 - {"msg":"已经签过到了","code":-1}
2020-08-31 17:05:00 - {"code":1,"msg":"成功","data":{"exp":161.0,"credit":159.0}}
2020-09-01 02:11:44 - {"code":1,"msg":"成功","data":{"exp":171.0,"credit":169.0}}
2020-09-01 08:31:35 - {"msg":"已经签过到了","code":-1}
2020-09-01 17:12:20 - {"code":1,"msg":"成功","data":{"exp":181.0,"credit":179.0}}
2020-09-02 02:11:42 - {"code":1,"msg":"成功","data":{"exp":191.0,"credit":189.0}}
2020-09-02 08:29:37 - {"msg":"已经签过到了","code":-1}
2020-09-02 17:10:57 - {"code":1,"msg":"成功","data":{"exp":201.0,"credit":199.0}}
2020-09-03 02:11:49 - {"code":1,"msg":"成功","data":{"exp":211.0,"credit":209.0}}
2020-09-03 08:30:33 - {"msg":"已经签过到了","code":-1}
2020-09-03 17:11:02 - {"code":1,"msg":"成功","data":{"exp":221.0,"credit":219.0}}
2020-09-04 02:11:39 - {"code":1,"msg":"成功","data":{"exp":231.0,"credit":229.0}}
2020-09-04 08:31:24 - {"msg":"已经签过到了","code":-1}
2020-09-04 17:11:01 - {"code":1,"msg":"成功","data":{"exp":241.0,"credit":239.0}}
2020-09-05 02:12:00 - {"code":1,"msg":"成功","data":{"exp":251.0,"credit":249.0}}
2020-09-05 08:53:57 - {"msg":"已经签过到了","code":-1}
2020-09-05 17:20:25 - {"code":1,"msg":"成功","data":{"exp":261.0,"credit":259.0}}
2020-09-06 02:11:40 - {"code":1,"msg":"成功","data":{"exp":271.0,"credit":269.0}}
2020-09-06 08:32:42 - {"msg":"已经签过到了","code":-1}
2020-09-06 17:10:57 - {"code":1,"msg":"成功","data":{"exp":281.0,"credit":279.0}}
2020-09-07 02:11:32 - {"code":1,"msg":"成功","data":{"exp":291.0,"credit":289.0}}
2020-09-07 08:31:58 - {"msg":"已经签过到了","code":-1}
2020-09-07 17:11:19 - {"code":1,"msg":"成功","data":{"exp":301.0,"credit":299.0}}
2020-09-08 02:12:08 - {"code":1,"msg":"成功","data":{"exp":311.0,"credit":309.0}}
2020-09-08 08:31:34 - {"msg":"已经签过到了","code":-1}
2020-09-08 17:11:14 - {"code":1,"msg":"成功","data":{"exp":321.0,"credit":319.0}}
2020-09-09 02:11:56 - {"code":1,"msg":"成功","data":{"exp":331.0,"credit":329.0}}
2020-09-09 08:31:35 - {"msg":"已经签过到了","code":-1}
2020-09-09 17:11:28 - {"code":1,"msg":"成功","data":{"exp":341.0,"credit":339.0}}
2020-09-10 02:12:06 - {"code":1,"msg":"成功","data":{"exp":351.0,"credit":349.0}}
2020-09-10 08:30:25 - {"msg":"已经签过到了","code":-1}
2020-09-10 17:10:55 - {"code":1,"msg":"成功","data":{"exp":361.0,"credit":359.0}}
2020-09-11 02:11:58 - {"code":1,"msg":"成功","data":{"exp":371.0,"credit":369.0}}
2020-09-11 08:31:33 - {"msg":"已经签过到了","code":-1}
2020-09-11 17:10:54 - {"code":1,"msg":"成功","data":{"exp":381.0,"credit":379.0}}
2020-09-12 02:11:48 - {"code":1,"msg":"成功","data":{"exp":391.0,"credit":389.0}}
2020-09-12 08:31:10 - {"msg":"已经签过到了","code":-1}
2020-09-12 17:10:33 - {"code":1,"msg":"成功","data":{"exp":401.0,"credit":399.0}}
2020-09-13 02:11:51 - {"code":1,"msg":"成功","data":{"exp":411.0,"credit":409.0}}
2020-09-13 08:32:52 - {"msg":"已经签过到了","code":-1}
2020-09-13 17:11:00 - {"code":1,"msg":"成功","data":{"exp":421.0,"credit":419.0}}
2020-09-14 02:11:43 - {"code":1,"msg":"成功","data":{"exp":431.0,"credit":429.0}}
2020-09-14 08:32:28 - {"msg":"已经签过到了","code":-1}
2020-09-14 17:11:20 - {"code":1,"msg":"成功","data":{"exp":441.0,"credit":439.0}}
2020-09-15 02:12:11 - {"code":1,"msg":"成功","data":{"exp":451.0,"credit":449.0}}
2020-09-15 08:31:54 - {"msg":"已经签过到了","code":-1}
2020-09-15 17:11:16 - {"code":1,"msg":"成功","data":{"exp":461.0,"credit":459.0}}
2020-09-16 02:12:05 - {"code":1,"msg":"成功","data":{"exp":471.0,"credit":469.0}}
2020-09-16 08:32:05 - {"msg":"已经签过到了","code":-1}
2020-09-16 17:11:05 - {"code":1,"msg":"成功","data":{"exp":481.0,"credit":479.0}}
2020-09-17 02:12:15 - {"code":1,"msg":"成功","data":{"exp":491.0,"credit":489.0}}
2020-09-17 08:32:13 - {"msg":"已经签过到了","code":-1}
2020-09-17 17:11:13 - {"code":1,"msg":"成功","data":{"exp":501.0,"credit":499.0}}
2020-09-18 02:12:00 - {"code":1,"msg":"成功","data":{"exp":511.0,"credit":509.0}}
2020-09-18 17:11:30 - {"code":1,"msg":"成功","data":{"exp":521.0,"credit":519.0}}
2020-09-19 02:12:03 - {"code":1,"msg":"成功","data":{"exp":531.0,"credit":529.0}}
2020-09-19 08:32:25 - {"msg":"已经签过到了","code":-1}
2020-09-19 17:11:12 - {"code":1,"msg":"成功","data":{"exp":541.0,"credit":539.0}}
2020-09-20 02:12:13 - {"code":1,"msg":"成功","data":{"exp":551.0,"credit":549.0}}
2020-09-20 08:33:59 - {"msg":"已经签过到了","code":-1}
2020-09-20 17:11:01 - {"code":1,"msg":"成功","data":{"exp":561.0,"credit":559.0}}
2020-09-21 02:11:51 - {"code":1,"msg":"成功","data":{"exp":571.0,"credit":569.0}}
2020-09-21 08:33:34 - {"msg":"已经签过到了","code":-1}
2020-09-21 17:11:42 - {"code":1,"msg":"成功","data":{"exp":581.0,"credit":579.0}}
2020-09-22 02:12:25 - {"code":1,"msg":"成功","data":{"exp":591.0,"credit":589.0}}
2020-09-22 08:33:03 - {"msg":"已经签过到了","code":-1}
2020-09-22 17:11:18 - {"code":1,"msg":"成功","data":{"exp":601.0,"credit":599.0}}
2020-09-23 02:12:18 - {"code":1,"msg":"成功","data":{"exp":611.0,"credit":609.0}}
2020-09-23 08:32:52 - {"msg":"已经签过到了","code":-1}
2020-09-23 17:11:38 - {"code":1,"msg":"成功","data":{"exp":621.0,"credit":619.0}}
2020-09-24 02:12:19 - {"code":1,"msg":"成功","data":{"exp":631.0,"credit":629.0}}
2020-09-24 08:33:56 - {"msg":"已经签过到了","code":-1}
2020-09-24 17:11:37 - {"code":1,"msg":"成功","data":{"exp":641.0,"credit":639.0}}
2020-09-25 02:12:18 - {"code":1,"msg":"成功","data":{"exp":651.0,"credit":649.0}}
2020-09-25 08:33:43 - {"msg":"已经签过到了","code":-1}
2020-09-25 17:11:29 - {"code":1,"msg":"成功","data":{"exp":661.0,"credit":659.0}}
2020-09-26 02:12:40 - {"code":1,"msg":"成功","data":{"exp":671.0,"credit":669.0}}
2020-09-26 08:33:26 - {"msg":"已经签过到了","code":-1}
2020-09-26 17:11:28 - {"code":1,"msg":"成功","data":{"exp":681.0,"credit":679.0}}
2020-09-27 02:12:34 - {"code":1,"msg":"成功","data":{"exp":691.0,"credit":689.0}}
2020-09-27 08:35:23 - {"msg":"已经签过到了","code":-1}
2020-09-27 17:11:23 - {"code":1,"msg":"成功","data":{"exp":701.0,"credit":699.0}}
2020-09-28 02:12:35 - {"code":1,"msg":"成功","data":{"exp":711.0,"credit":709.0}}
2020-09-28 08:34:43 - {"msg":"已经签过到了","code":-1}
2020-09-28 17:11:47 - {"code":1,"msg":"成功","data":{"exp":721.0,"credit":719.0}}
2020-09-29 02:11:22 - {"code":1,"msg":"成功","data":{"exp":731.0,"credit":729.0}}
2020-09-29 08:34:13 - {"msg":"已经签过到了","code":-1}
2020-09-29 17:12:02 - {"code":1,"msg":"成功","data":{"exp":741.0,"credit":739.0}}
2020-09-30 02:12:39 - {"code":1,"msg":"成功","data":{"exp":751.0,"credit":749.0}}
2020-09-30 08:34:16 - {"msg":"已经签过到了","code":-1}
2020-09-30 17:12:00 - {"code":1,"msg":"成功","data":{"exp":761.0,"credit":759.0}}
2020-10-01 02:12:35 - {"code":1,"msg":"成功","data":{"exp":771.0,"credit":769.0}}
2020-10-01 08:35:34 - {"msg":"已经签过到了","code":-1}
2020-10-01 17:12:17 - {"code":1,"msg":"成功","data":{"exp":781.0,"credit":779.0}}
2020-10-02 02:12:54 - {"code":1,"msg":"成功","data":{"exp":791.0,"credit":789.0}}
2020-10-02 08:33:59 - {"msg":"已经签过到了","code":-1}
2020-10-02 17:12:07 - {"code":1,"msg":"成功","data":{"exp":801.0,"credit":799.0}}
2020-10-03 02:12:57 - {"code":1,"msg":"成功","data":{"exp":811.0,"credit":809.0}}
2020-10-03 08:34:52 - {"msg":"已经签过到了","code":-1}
2020-10-03 17:11:57 - {"code":1,"msg":"成功","data":{"exp":821.0,"credit":819.0}}
2020-10-04 02:12:56 - {"code":1,"msg":"成功","data":{"exp":831.0,"credit":829.0}}
2020-10-04 08:36:40 - {"msg":"已经签过到了","code":-1}
2020-10-04 17:12:17 - {"code":1,"msg":"成功","data":{"exp":841.0,"credit":839.0}}
2020-10-05 02:12:50 - {"code":1,"msg":"成功","data":{"exp":851.0,"credit":849.0}}
2020-10-05 08:36:14 - {"msg":"已经签过到了","code":-1}
2020-10-05 17:12:23 - {"code":1,"msg":"成功","data":{"exp":861.0,"credit":859.0}}
2020-10-06 02:13:23 - {"code":1,"msg":"成功","data":{"exp":871.0,"credit":869.0}}
2020-10-06 08:35:43 - {"msg":"已经签过到了","code":-1}
2020-10-06 17:12:39 - {"code":1,"msg":"成功","data":{"exp":881.0,"credit":879.0}}
2020-10-07 02:13:35 - {"code":1,"msg":"成功","data":{"exp":891.0,"credit":889.0}}
2020-10-07 08:36:06 - {"msg":"已经签过到了","code":-1}
2020-10-07 17:12:36 - {"code":1,"msg":"成功","data":{"exp":901.0,"credit":899.0}}
2020-10-08 02:13:12 - {"code":1,"msg":"成功","data":{"exp":911.0,"credit":909.0}}
2020-10-08 08:30:05 - {"msg":"已经签过到了","code":-1}
2020-10-08 17:12:52 - {"code":1,"msg":"成功","data":{"exp":921.0,"credit":919.0}}
2020-10-09 02:13:58 - {"code":1,"msg":"成功","data":{"exp":931.0,"credit":929.0}}
2020-10-09 08:36:21 - {"msg":"已经签过到了","code":-1}
2020-10-09 17:12:59 - {"code":1,"msg":"成功","data":{"exp":941.0,"credit":939.0}}
2020-10-10 02:13:36 - {"code":1,"msg":"成功","data":{"exp":951.0,"credit":949.0}}
2020-10-10 08:36:37 - <!DOCTYPE HTML PUBLIC "-//IETF//DTD HTML 2.0//EN">
<html>
<head><title>504 Gateway Time-out</title></head>
<body bgcolor="white">
<h1>504 Gateway Time-out</h1>
<p>The gateway did not receive a timely response from the upstream server or application.<hr/>Powered by Tengine</body>
</html>

2020-10-10 17:12:35 - {"code":1,"msg":"成功","data":{"exp":961.0,"credit":959.0}}
2020-10-11 02:13:33 - {"timestamp":"2020-10-10T18:13:34.685+0000","status":403,"error":"Forbidden","message":"Access Denied","path":"/api/user/check-in"}
2020-10-11 08:38:38 - {"code":1,"msg":"成功","data":{"exp":971.0,"credit":969.0}}
2020-10-11 17:12:53 - {"code":1,"msg":"成功","data":{"exp":981.0,"credit":979.0}}
2020-10-12 02:13:36 - {"code":1,"msg":"成功","data":{"exp":971.0,"credit":969.0}}
2020-10-12 08:37:47 - {"msg":"已经签过到了","code":-1}
2020-10-12 17:13:19 - {"code":1,"msg":"成功","data":{"exp":981.0,"credit":979.0}}
2020-10-13 02:14:07 - {"code":1,"msg":"成功","data":{"exp":991.0,"credit":989.0}}
2020-10-13 08:37:46 - {"msg":"已经签过到了","code":-1}
2020-10-13 17:13:13 - {"code":1,"msg":"成功","data":{"exp":1001.0,"credit":999.0}}
2020-10-14 02:15:03 - {"code":1,"msg":"成功","data":{"exp":1011.0,"credit":1009.0}}
2020-10-14 08:37:39 - {"msg":"已经签过到了","code":-1}
2020-10-14 17:13:35 - {"code":1,"msg":"成功","data":{"exp":1021.0,"credit":1019.0}}
2020-10-15 02:14:22 - {"code":1,"msg":"成功","data":{"exp":1031.0,"credit":1029.0}}
2020-10-15 08:38:01 - {"msg":"已经签过到了","code":-1}
2020-10-15 17:13:50 - <!doctype html><html lang="en"><head><title>HTTP Status 500 – Internal Server Error</title><style type="text/css">body {font-family:Tahoma,Arial,sans-serif;} h1, h2, h3, b {color:white;background-color:#525D76;} h1 {font-size:22px;} h2 {font-size:16px;} h3 {font-size:14px;} p {font-size:12px;} a {color:black;} .line {height:1px;background-color:#525D76;border:none;}</style></head><body><h1>HTTP Status 500 – Internal Server Error</h1></body></html>
2020-10-16 02:14:26 - {"timestamp":"2020-10-15T18:14:27.744+00:00","status":403,"error":"Forbidden","message":"","path":"/api/user/check-in"}
2020-10-16 08:38:52 - {"timestamp":"2020-10-16T00:38:55.010+00:00","status":403,"error":"Forbidden","message":"","path":"/api/user/check-in"}
2020-10-16 17:13:45 - {"timestamp":"2020-10-16T09:13:46.387+00:00","status":403,"error":"Forbidden","message":"","path":"/api/user/check-in"}
2020-10-17 02:14:15 - {"timestamp":"2020-10-16T18:14:16.179+00:00","status":500,"error":"Internal Server Error","message":"","path":"/api/user/check-in"}
2020-10-17 08:38:31 - {"timestamp":"2020-10-17T00:38:33.639+00:00","status":500,"error":"Internal Server Error","message":"","path":"/api/user/check-in"}
2020-10-17 17:13:36 - {"code":-1,"msg":"未登录"}
2020-10-18 02:14:14 - {"code":-1,"msg":"未登录"}
2020-10-18 08:40:23 - {"code":-1,"msg":"未登录"}
2020-10-18 17:13:37 - {"code":-1,"msg":"未登录"}
2020-10-19 02:14:08 - {"code":-1,"msg":"未登录"}
2020-10-19 08:39:38 - {"code":-1,"msg":"未登录"}
2020-10-19 17:13:46 - {"code":-1,"msg":"未登录"}
2020-10-20 02:14:25 - {"code":-1,"msg":"未登录"}
2020-10-20 08:39:22 - {"code":-1,"msg":"未登录"}
2020-10-20 17:13:54 - {"code":-1,"msg":"未登录"}
2020-10-21 02:14:25 - {"code":-1,"msg":"未登录"}
2020-10-21 08:39:52 - {"code":-1,"msg":"未登录"}
2020-10-21 17:13:52 - {"code":-1,"msg":"未登录"}
2020-10-22 02:14:45 - {"code":-1,"msg":"未登录"}
2020-10-22 08:40:19 - {"code":-1,"msg":"未登录"}
2020-10-22 17:13:47 - {"code":-1,"msg":"未登录"}
2020-10-23 02:14:36 - {"code":-1,"msg":"未登录"}
2020-10-23 08:40:34 - {"code":-1,"msg":"未登录"}
2020-10-23 17:14:14 - {"code":-1,"msg":"未登录"}
2020-10-24 02:14:46 - {"code":-1,"msg":"未登录"}
2020-10-24 08:40:29 - {"code":-1,"msg":"未登录"}
2020-10-24 17:14:00 - {"code":-1,"msg":"未登录"}
2020-10-25 02:14:23 - {"code":-1,"msg":"未登录"}
2020-10-25 08:42:15 - {"code":-1,"msg":"未登录"}
2020-10-25 17:13:54 - {"code":-1,"msg":"未登录"}
2020-10-26 02:14:36 - {"code":-1,"msg":"未登录"}
2020-10-26 08:41:57 - {"code":-1,"msg":"未登录"}
2020-10-26 17:15:05 - {"code":-1,"msg":"未登录"}
2020-10-27 02:15:05 - {"code":-1,"msg":"未登录"}
2020-10-27 08:41:18 - {"code":-1,"msg":"未登录"}
2020-10-27 17:15:15 - {"code":-1,"msg":"未登录"}
2020-10-28 02:15:01 - {"code":-1,"msg":"未登录"}
2020-10-28 08:41:55 - {"code":-1,"msg":"未登录"}
2020-10-28 17:15:01 - {"code":-1,"msg":"未登录"}
2020-10-29 02:15:01 - {"code":-1,"msg":"未登录"}
2020-10-29 08:42:43 - {"code":-1,"msg":"未登录"}
2020-10-29 17:15:06 - {"code":-1,"msg":"未登录"}
2020-10-30 02:09:50 - {"code":-1,"msg":"未登录"}
2020-10-30 08:25:01 - {"code":-1,"msg":"未登录"}
2020-10-30 17:08:27 - {"code":-1,"msg":"未登录"}
2020-10-31 02:08:37 - {"code":-1,"msg":"未登录"}
2020-10-31 08:23:20 - {"code":-1,"msg":"未登录"}
2020-10-31 17:08:23 - {"code":-1,"msg":"未登录"}
2020-11-01 02:08:16 - {"code":-1,"msg":"未登录"}
2020-11-01 08:26:33 - {"code":-1,"msg":"未登录"}
2020-11-01 17:08:53 - {"code":-1,"msg":"未登录"}
2020-11-02 02:08:43 - {"code":-1,"msg":"未登录"}
2020-11-02 08:25:12 - {"code":-1,"msg":"未登录"}
2020-11-02 17:09:35 - {"code":-1,"msg":"未登录"}
2020-11-03 02:09:16 - {"code":-1,"msg":"未登录"}
2020-11-03 08:25:50 - {"code":-1,"msg":"未登录"}
2020-11-03 17:09:26 - {"code":-1,"msg":"未登录"}
2020-11-04 02:09:13 - {"code":-1,"msg":"未登录"}
2020-11-04 08:25:47 - {"code":-1,"msg":"未登录"}
2020-11-04 17:09:34 - {"code":-1,"msg":"未登录"}
2020-11-05 02:09:15 - {"code":-1,"msg":"未登录"}
2020-11-05 08:26:25 - {"code":-1,"msg":"未登录"}
2020-11-05 17:09:47 - {"code":-1,"msg":"未登录"}
2020-11-06 02:09:32 - {"code":-1,"msg":"未登录"}
2020-11-06 08:26:56 - {"code":-1,"msg":"未登录"}
2020-11-06 17:09:59 - {"code":-1,"msg":"未登录"}
2020-11-07 02:09:38 - {"code":-1,"msg":"未登录"}
2020-11-07 08:27:13 - {"code":-1,"msg":"未登录"}
2020-11-07 17:09:43 - {"code":-1,"msg":"未登录"}
2020-11-08 02:09:34 - {"code":-1,"msg":"未登录"}
2020-11-08 08:28:59 - {"code":-1,"msg":"未登录"}
2020-11-08 17:10:10 - {"code":-1,"msg":"未登录"}
2020-11-09 02:09:20 - {"code":-1,"msg":"未登录"}
2020-11-09 08:29:00 - {"code":-1,"msg":"未登录"}
2020-11-09 17:10:37 - {"code":-1,"msg":"未登录"}
2020-11-10 02:10:26 - {"code":-1,"msg":"未登录"}
2020-11-10 08:28:34 - {"code":-1,"msg":"未登录"}
2020-11-10 17:08:41 - {"code":-1,"msg":"未登录"}
2020-11-11 02:09:16 - {"code":-1,"msg":"未登录"}
2020-11-11 08:21:53 - {"code":-1,"msg":"未登录"}
2020-11-11 17:09:11 - {"code":-1,"msg":"未登录"}
2020-11-12 02:09:29 - {"code":-1,"msg":"未登录"}
2020-11-12 08:25:33 - {"code":-1,"msg":"未登录"}
2020-11-12 17:09:38 - {"code":-1,"msg":"未登录"}
2020-11-13 02:09:49 - {"code":-1,"msg":"未登录"}
2020-11-13 08:24:57 - {"code":-1,"msg":"未登录"}
2020-11-13 17:09:50 - {"code":-1,"msg":"未登录"}
2020-11-14 02:09:57 - {"code":-1,"msg":"未登录"}
2020-11-14 08:25:59 - {"code":-1,"msg":"未登录"}
2020-11-14 17:09:31 - {"code":-1,"msg":"未登录"}
2020-11-15 02:09:22 - {"code":-1,"msg":"未登录"}
2020-11-15 08:27:46 - {"code":-1,"msg":"未登录"}
2020-11-15 17:09:18 - {"code":-1,"msg":"未登录"}
2020-11-16 02:09:13 - {"code":-1,"msg":"未登录"}
2020-11-16 08:27:23 - {"code":-1,"msg":"未登录"}
2020-11-16 17:10:02 - {"code":-1,"msg":"未登录"}
2020-11-17 02:10:11 - {"code":-1,"msg":"未登录"}
2020-11-17 08:27:08 - {"code":-1,"msg":"未登录"}
2020-11-17 17:09:57 - {"code":-1,"msg":"未登录"}
2020-11-18 02:10:15 - {"code":-1,"msg":"未登录"}
2020-11-18 08:27:26 - {"code":-1,"msg":"未登录"}
2020-11-18 17:10:10 - {"code":-1,"msg":"未登录"}
2020-11-19 02:10:23 - {"code":-1,"msg":"未登录"}
2020-11-19 08:27:33 - {"code":-1,"msg":"未登录"}
2020-11-19 17:10:18 - {"code":-1,"msg":"未登录"}
2020-11-20 02:11:17 - {"code":-1,"msg":"未登录"}
2020-11-20 08:28:11 - {"code":-1,"msg":"未登录"}
2020-11-20 17:10:30 - {"code":-1,"msg":"未登录"}
2020-11-21 02:10:25 - {"code":-1,"msg":"未登录"}
2020-11-21 08:28:13 - {"code":-1,"msg":"未登录"}
2020-11-21 17:10:02 - {"code":-1,"msg":"未登录"}
2020-11-22 02:10:12 - {"code":-1,"msg":"未登录"}
2020-11-22 08:29:51 - {"code":-1,"msg":"未登录"}
2020-11-22 17:09:59 - {"code":-1,"msg":"未登录"}
2020-11-23 02:10:14 - {"code":-1,"msg":"未登录"}
2020-11-23 08:29:28 - {"code":-1,"msg":"未登录"}
2020-11-23 17:11:03 - {"code":-1,"msg":"未登录"}
2020-11-24 02:11:17 - {"code":-1,"msg":"未登录"}
2020-11-24 08:29:00 - {"code":-1,"msg":"未登录"}
2020-11-24 17:10:59 - {"code":-1,"msg":"未登录"}
2020-11-25 02:11:11 - {"code":-1,"msg":"未登录"}
2020-11-25 08:29:32 - {"code":-1,"msg":"未登录"}
2020-11-25 17:11:04 - {"code":-1,"msg":"未登录"}
2020-11-26 02:11:11 - {"code":-1,"msg":"未登录"}
2020-11-26 08:29:11 - {"code":-1,"msg":"未登录"}
2020-11-26 17:11:04 - {"code":-1,"msg":"未登录"}
2020-11-27 02:11:03 - {"code":-1,"msg":"未登录"}
2020-11-27 08:30:47 - {"code":-1,"msg":"未登录"}
2020-11-27 17:11:33 - {"code":-1,"msg":"未登录"}
2020-11-28 02:11:11 - {"code":-1,"msg":"未登录"}
2020-11-28 08:30:45 - {"code":-1,"msg":"未登录"}
2020-11-28 17:11:08 - {"code":-1,"msg":"未登录"}
2020-11-29 02:11:10 - {"code":-1,"msg":"未登录"}
2020-11-29 08:32:35 - {"code":-1,"msg":"未登录"}
2020-11-29 17:10:49 - {"code":-1,"msg":"未登录"}
2020-11-30 02:10:55 - {"code":-1,"msg":"未登录"}
2020-11-30 08:32:25 - {"code":-1,"msg":"未登录"}
2020-11-30 17:11:37 - {"code":-1,"msg":"未登录"}
2020-12-01 02:12:06 - {"code":-1,"msg":"未登录"}
2020-12-01 08:32:44 - {"code":-1,"msg":"未登录"}
2020-12-01 17:12:05 - {"code":-1,"msg":"未登录"}
2020-12-02 17:12:18 - {"code":-1,"msg":"未登录"}
2020-12-03 02:11:30 - {"code":-1,"msg":"未登录"}
2020-12-03 08:32:16 - {"code":-1,"msg":"未登录"}
2020-12-03 17:11:58 - {"code":-1,"msg":"未登录"}
2020-12-04 02:12:21 - {"code":-1,"msg":"未登录"}
2020-12-04 08:32:21 - {"code":-1,"msg":"未登录"}
2020-12-04 17:15:27 - {"code":-1,"msg":"未登录"}
2020-12-05 02:12:25 - {"code":-1,"msg":"未登录"}
2020-12-05 08:32:55 - {"code":-1,"msg":"未登录"}
2020-12-05 17:12:37 - {"code":-1,"msg":"未登录"}
2020-12-06 02:12:17 - {"code":-1,"msg":"未登录"}
2020-12-06 08:34:56 - {"code":-1,"msg":"未登录"}
2020-12-06 17:12:52 - {"code":-1,"msg":"未登录"}
2020-12-07 02:12:23 - {"code":-1,"msg":"未登录"}
2020-12-07 08:34:35 - {"code":-1,"msg":"未登录"}
2020-12-07 17:13:21 - {"code":-1,"msg":"未登录"}
2020-12-08 02:13:03 - {"code":-1,"msg":"未登录"}
2020-12-08 08:33:55 - {"code":-1,"msg":"未登录"}
2020-12-08 17:13:20 - {"code":-1,"msg":"未登录"}
2020-12-09 02:13:11 - {"code":-1,"msg":"未登录"}
2020-12-09 08:34:19 - {"code":-1,"msg":"未登录"}
2020-12-09 17:13:35 - {"code":-1,"msg":"未登录"}
2020-12-10 02:13:10 - {"code":-1,"msg":"未登录"}
2020-12-10 08:34:39 - {"code":-1,"msg":"未登录"}
2020-12-10 17:13:31 - {"code":-1,"msg":"未登录"}
2020-12-11 02:13:18 - {"code":-1,"msg":"未登录"}
2020-12-11 08:34:49 - {"code":-1,"msg":"未登录"}
2020-12-11 17:13:32 - {"code":-1,"msg":"未登录"}
2020-12-12 02:13:24 - {"code":-1,"msg":"未登录"}
2020-12-12 08:35:01 - {"code":-1,"msg":"未登录"}
2020-12-12 17:13:31 - {"code":-1,"msg":"未登录"}
2020-12-13 02:13:11 - {"code":-1,"msg":"未登录"}
2020-12-13 08:36:44 - {"code":-1,"msg":"未登录"}
2020-12-13 17:13:45 - {"code":-1,"msg":"未登录"}
2020-12-14 02:13:22 - {"code":-1,"msg":"未登录"}
2020-12-14 08:36:14 - {"code":-1,"msg":"未登录"}
2020-12-14 17:14:00 - {"code":-1,"msg":"未登录"}
2020-12-15 02:12:05 - {"code":-1,"msg":"未登录"}
2020-12-15 08:34:18 - {"code":-1,"msg":"未登录"}
2020-12-15 17:13:51 - {"code":-1,"msg":"未登录"}
2020-12-16 02:13:46 - {"code":-1,"msg":"未登录"}
2020-12-16 08:35:46 - {"code":-1,"msg":"未登录"}
2020-12-16 17:13:52 - {"code":-1,"msg":"未登录"}
2020-12-17 02:13:16 - {"code":-1,"msg":"未登录"}
2020-12-17 08:37:28 - {"code":-1,"msg":"未登录"}
2020-12-17 17:13:53 - {"code":-1,"msg":"未登录"}
2020-12-18 02:14:46 - {"code":-1,"msg":"未登录"}
2020-12-18 08:36:58 - {"code":-1,"msg":"未登录"}
2020-12-18 16:23:00 - {"code":-1,"msg":"未登录"}
2020-12-18 17:16:28 - {"code":-1,"msg":"未登录"}
2020-12-19 02:20:54 - {"code":-1,"msg":"未登录"}
2020-12-19 08:36:48 - {"code":-1,"msg":"未登录"}
2020-12-19 17:15:26 - {"code":-1,"msg":"未登录"}
2020-12-20 02:17:29 - {"code":-1,"msg":"未登录"}
2020-12-20 08:37:53 - {"code":-1,"msg":"未登录"}
2020-12-20 17:14:01 - {"code":-1,"msg":"未登录"}
2020-12-21 02:17:46 - {"code":-1,"msg":"未登录"}
2020-12-21 08:39:50 - {"code":-1,"msg":"未登录"}
2020-12-21 17:17:53 - <HTML>
<HEAD>
<TITLE>No Content Length</TITLE>
</HEAD>

<BODY BGCOLOR="white" FGCOLOR="black">
<H1>No Content Length</H1>
<HR>

<FONT FACE="Helvetica,Arial"><B>
Description: Could not process this request because
there was no Content-Length specified.
</B></FONT>
<HR>
</BODY>

2020-12-22 02:21:25 - <HTML>
<HEAD>
<TITLE>No Content Length</TITLE>
</HEAD>

<BODY BGCOLOR="white" FGCOLOR="black">
<H1>No Content Length</H1>
<HR>

<FONT FACE="Helvetica,Arial"><B>
Description: Could not process this request because
there was no Content-Length specified.
</B></FONT>
<HR>
</BODY>

2020-12-22 08:41:07 - <HTML>
<HEAD>
<TITLE>No Content Length</TITLE>
</HEAD>

<BODY BGCOLOR="white" FGCOLOR="black">
<H1>No Content Length</H1>
<HR>

<FONT FACE="Helvetica,Arial"><B>
Description: Could not process this request because
there was no Content-Length specified.
</B></FONT>
<HR>
</BODY>

2020-12-22 17:21:45 - <HTML>
<HEAD>
<TITLE>No Content Length</TITLE>
</HEAD>

<BODY BGCOLOR="white" FGCOLOR="black">
<H1>No Content Length</H1>
<HR>

<FONT FACE="Helvetica,Arial"><B>
Description: Could not process this request because
there was no Content-Length specified.
</B></FONT>
<HR>
</BODY>

2020-12-23 02:25:23 - <HTML>
<HEAD>
<TITLE>No Content Length</TITLE>
</HEAD>

<BODY BGCOLOR="white" FGCOLOR="black">
<H1>No Content Length</H1>
<HR>

<FONT FACE="Helvetica,Arial"><B>
Description: Could not process this request because
there was no Content-Length specified.
</B></FONT>
<HR>
</BODY>

2020-12-23 08:42:42 - <HTML>
<HEAD>
<TITLE>No Content Length</TITLE>
</HEAD>

<BODY BGCOLOR="white" FGCOLOR="black">
<H1>No Content Length</H1>
<HR>

<FONT FACE="Helvetica,Arial"><B>
Description: Could not process this request because
there was no Content-Length specified.
</B></FONT>
<HR>
</BODY>

2020-12-23 17:22:35 - <HTML>
<HEAD>
<TITLE>No Content Length</TITLE>
</HEAD>

<BODY BGCOLOR="white" FGCOLOR="black">
<H1>No Content Length</H1>
<HR>

<FONT FACE="Helvetica,Arial"><B>
Description: Could not process this request because
there was no Content-Length specified.
</B></FONT>
<HR>
</BODY>

2020-12-24 02:30:50 - <HTML>
<HEAD>
<TITLE>No Content Length</TITLE>
</HEAD>

<BODY BGCOLOR="white" FGCOLOR="black">
<H1>No Content Length</H1>
<HR>

<FONT FACE="Helvetica,Arial"><B>
Description: Could not process this request because
there was no Content-Length specified.
</B></FONT>
<HR>
</BODY>

2020-12-24 08:45:49 - <HTML>
<HEAD>
<TITLE>No Content Length</TITLE>
</HEAD>

<BODY BGCOLOR="white" FGCOLOR="black">
<H1>No Content Length</H1>
<HR>

<FONT FACE="Helvetica,Arial"><B>
Description: Could not process this request because
there was no Content-Length specified.
</B></FONT>
<HR>
</BODY>

2020-12-24 17:23:06 - <HTML>
<HEAD>
<TITLE>No Content Length</TITLE>
</HEAD>

<BODY BGCOLOR="white" FGCOLOR="black">
<H1>No Content Length</H1>
<HR>

<FONT FACE="Helvetica,Arial"><B>
Description: Could not process this request because
there was no Content-Length specified.
</B></FONT>
<HR>
</BODY>

2020-12-25 02:32:17 - <HTML>
<HEAD>
<TITLE>No Content Length</TITLE>
</HEAD>

<BODY BGCOLOR="white" FGCOLOR="black">
<H1>No Content Length</H1>
<HR>

<FONT FACE="Helvetica,Arial"><B>
Description: Could not process this request because
there was no Content-Length specified.
</B></FONT>
<HR>
</BODY>

2020-12-25 08:43:29 - <HTML>
<HEAD>
<TITLE>No Content Length</TITLE>
</HEAD>

<BODY BGCOLOR="white" FGCOLOR="black">
<H1>No Content Length</H1>
<HR>

<FONT FACE="Helvetica,Arial"><B>
Description: Could not process this request because
there was no Content-Length specified.
</B></FONT>
<HR>
</BODY>

2020-12-25 17:20:06 - <HTML>
<HEAD>
<TITLE>No Content Length</TITLE>
</HEAD>

<BODY BGCOLOR="white" FGCOLOR="black">
<H1>No Content Length</H1>
<HR>

<FONT FACE="Helvetica,Arial"><B>
Description: Could not process this request because
there was no Content-Length specified.
</B></FONT>
<HR>
</BODY>

2020-12-26 02:26:40 - <HTML>
<HEAD>
<TITLE>No Content Length</TITLE>
</HEAD>

<BODY BGCOLOR="white" FGCOLOR="black">
<H1>No Content Length</H1>
<HR>

<FONT FACE="Helvetica,Arial"><B>
Description: Could not process this request because
there was no Content-Length specified.
</B></FONT>
<HR>
</BODY>

2020-12-26 08:42:06 - <HTML>
<HEAD>
<TITLE>No Content Length</TITLE>
</HEAD>

<BODY BGCOLOR="white" FGCOLOR="black">
<H1>No Content Length</H1>
<HR>

<FONT FACE="Helvetica,Arial"><B>
Description: Could not process this request because
there was no Content-Length specified.
</B></FONT>
<HR>
</BODY>

2020-12-26 17:19:59 - <HTML>
<HEAD>
<TITLE>No Content Length</TITLE>
</HEAD>

<BODY BGCOLOR="white" FGCOLOR="black">
<H1>No Content Length</H1>
<HR>

<FONT FACE="Helvetica,Arial"><B>
Description: Could not process this request because
there was no Content-Length specified.
</B></FONT>
<HR>
</BODY>

2020-12-27 02:26:54 - <HTML>
<HEAD>
<TITLE>No Content Length</TITLE>
</HEAD>

<BODY BGCOLOR="white" FGCOLOR="black">
<H1>No Content Length</H1>
<HR>

<FONT FACE="Helvetica,Arial"><B>
Description: Could not process this request because
there was no Content-Length specified.
</B></FONT>
<HR>
</BODY>

2020-12-27 08:44:49 - <HTML>
<HEAD>
<TITLE>No Content Length</TITLE>
</HEAD>

<BODY BGCOLOR="white" FGCOLOR="black">
<H1>No Content Length</H1>
<HR>

<FONT FACE="Helvetica,Arial"><B>
Description: Could not process this request because
there was no Content-Length specified.
</B></FONT>
<HR>
</BODY>

2020-12-27 17:20:10 - <HTML>
<HEAD>
<TITLE>No Content Length</TITLE>
</HEAD>

<BODY BGCOLOR="white" FGCOLOR="black">
<H1>No Content Length</H1>
<HR>

<FONT FACE="Helvetica,Arial"><B>
Description: Could not process this request because
there was no Content-Length specified.
</B></FONT>
<HR>
</BODY>

2020-12-28 02:28:21 - <HTML>
<HEAD>
<TITLE>No Content Length</TITLE>
</HEAD>

<BODY BGCOLOR="white" FGCOLOR="black">
<H1>No Content Length</H1>
<HR>

<FONT FACE="Helvetica,Arial"><B>
Description: Could not process this request because
there was no Content-Length specified.
</B></FONT>
<HR>
</BODY>

2020-12-28 08:44:49 - <HTML>
<HEAD>
<TITLE>No Content Length</TITLE>
</HEAD>

<BODY BGCOLOR="white" FGCOLOR="black">
<H1>No Content Length</H1>
<HR>

<FONT FACE="Helvetica,Arial"><B>
Description: Could not process this request because
there was no Content-Length specified.
</B></FONT>
<HR>
</BODY>

2020-12-28 17:21:19 - <HTML>
<HEAD>
<TITLE>No Content Length</TITLE>
</HEAD>

<BODY BGCOLOR="white" FGCOLOR="black">
<H1>No Content Length</H1>
<HR>

<FONT FACE="Helvetica,Arial"><B>
Description: Could not process this request because
there was no Content-Length specified.
</B></FONT>
<HR>
</BODY>

2020-12-29 02:32:31 - <HTML>
<HEAD>
<TITLE>No Content Length</TITLE>
</HEAD>

<BODY BGCOLOR="white" FGCOLOR="black">
<H1>No Content Length</H1>
<HR>

<FONT FACE="Helvetica,Arial"><B>
Description: Could not process this request because
there was no Content-Length specified.
</B></FONT>
<HR>
</BODY>

2020-12-29 08:45:36 - <HTML>
<HEAD>
<TITLE>No Content Length</TITLE>
</HEAD>

<BODY BGCOLOR="white" FGCOLOR="black">
<H1>No Content Length</H1>
<HR>

<FONT FACE="Helvetica,Arial"><B>
Description: Could not process this request because
there was no Content-Length specified.
</B></FONT>
<HR>
</BODY>

